Using pre-set license

 COMMAND LINE ARGUMENTS:
/Applications/Unity/Hub/Editor/2020.3.3f1/Unity.app/Contents/MacOS/Unity
-adb2
-batchMode
-noUpm
-name
AssetImportWorker0
-projectPath
/Users/kobayashikakeru/unity game/Mario
-logFile
Logs/AssetImportWorker0.log
-srvPort
58258
Successfully changed project path to: /Users/kobayashikakeru/unity game/Mario
/Users/kobayashikakeru/unity game/Mario
Using Asset Import Pipeline V2.
Refreshing native plugins compatible for Editor in 41.38 ms, found 2 plugins.
Preloading 0 native plugins for Editor in 0.00 ms.
Initialize engine version: 2020.3.3f1 (76626098c1c4)
[Subsystems] Discovering subsystems at path /Applications/Unity/Hub/Editor/2020.3.3f1/Unity.app/Contents/Resources/UnitySubsystems
[Subsystems] Discovering subsystems at path /Users/kobayashikakeru/unity game/Mario/Assets
GfxDevice: creating device client; threaded=0
2021-09-28 00:12:59.864 Unity[43441:1220883] (null) preferred device: Apple M1 (high power)
2021-09-28 00:12:59.864 Unity[43441:1220883] Metal devices available: 1
2021-09-28 00:12:59.864 Unity[43441:1220883] 0: Apple M1 (high power)
2021-09-28 00:12:59.868 Unity[43441:1220883] Using device Apple M1 (high power)
Initializing Metal device caps: Apple M1
Initialize mono
Mono path[0] = '/Applications/Unity/Hub/Editor/2020.3.3f1/Unity.app/Contents/Managed'
Mono path[1] = '/Applications/Unity/Hub/Editor/2020.3.3f1/Unity.app/Contents/MonoBleedingEdge/lib/mono/unityjit'
Mono config path = '/Applications/Unity/Hub/Editor/2020.3.3f1/Unity.app/Contents/MonoBleedingEdge/etc'
Using monoOptions --debugger-agent=transport=dt_socket,embedding=1,server=y,suspend=n,address=127.0.0.1:56441
Begin MonoManager ReloadAssembly
Registering precompiled unity dll's ...
Register platform support module: /Applications/Unity/Hub/Editor/2020.3.3f1/PlaybackEngines/WebGLSupport/UnityEditor.WebGL.Extensions.dll
Register platform support module: /Applications/Unity/Hub/Editor/2020.3.3f1/Unity.app/Contents/PlaybackEngines/MacStandaloneSupport/UnityEditor.OSXStandalone.Extensions.dll
Registered in 0.002593 seconds.
Native extension for OSXStandalone target not found
Native extension for WebGL target not found
Refreshing native plugins compatible for Editor in 43.06 ms, found 2 plugins.
Preloading 0 native plugins for Editor in 0.00 ms.
Invoked RoslynAnalysisRunner static constructor.
RoslynAnalysisRunner will not be running.
RoslynAnalysisRunner has terminated.
Mono: successfully reloaded assembly
- Completed reload, in  1.817 seconds
Platform modules already initialized, skipping
Registering precompiled user dll's ...
Registered in 0.001691 seconds.
Begin MonoManager ReloadAssembly
Native extension for OSXStandalone target not found
Native extension for WebGL target not found
Refreshing native plugins compatible for Editor in 42.66 ms, found 2 plugins.
Preloading 0 native plugins for Editor in 0.00 ms.
Invoked RoslynAnalysisRunner static constructor.
RoslynAnalysisRunner will not be running.
RoslynAnalysisRunner has terminated.
Mono: successfully reloaded assembly
- Completed reload, in  1.877 seconds
Platform modules already initialized, skipping
========================================================================
Worker process is ready to serve import requests
Launching external process: /Applications/Unity/Hub/Editor/2020.3.3f1/Unity.app/Contents/Tools/UnityShaderCompiler
Launched and connected shader compiler UnityShaderCompiler after 0.02 seconds
Refreshing native plugins compatible for Editor in 0.39 ms, found 2 plugins.
Preloading 0 native plugins for Editor in 0.00 ms.
Unloading 1810 Unused Serialized files (Serialized files now loaded: 0)
System memory in use before: 144.2 MB.
System memory in use after: 144.3 MB.

Unloading 19 unused Assets to reduce memory usage. Loaded Objects now: 2258.
Total: 1.740291 ms (FindLiveObjects: 0.138167 ms CreateObjectMapping: 0.037209 ms MarkObjects: 1.504500 ms  DeleteObjects: 0.059709 ms)

========================================================================
Received Import Request.
  path: Assets/Coin Animation.anim
  artifactKey: Guid(282f2eb105f7b4aaf9dfd527ffb8dbfc) Importer(815301076,1909f56bfc062723c751e8b465ee728b)
Start importing Assets/Coin Animation.anim using Guid(282f2eb105f7b4aaf9dfd527ffb8dbfc) Importer(815301076,1909f56bfc062723c751e8b465ee728b)  -> (artifact id: '48ad4a89929cdf352faf62b749125c8c') in 0.618180 seconds
  Import took 0.620762 seconds .

========================================================================
Received Import Request.
  Time since last request: 0.000231 seconds.
  path: Assets/MainChara Animation.anim
  artifactKey: Guid(e1ba34523ca64466080e66b52beda1c9) Importer(815301076,1909f56bfc062723c751e8b465ee728b)
Start importing Assets/MainChara Animation.anim using Guid(e1ba34523ca64466080e66b52beda1c9) Importer(815301076,1909f56bfc062723c751e8b465ee728b)  -> (artifact id: '9238c3f82976db601875aaf8dd06721b') in 0.002000 seconds
  Import took 0.003961 seconds .

========================================================================
Received Import Request.
  Time since last request: 399.360790 seconds.
  path: Assets/Run Animation.anim
  artifactKey: Guid(6167d608434724e4fae729c924624b7f) Importer(815301076,1909f56bfc062723c751e8b465ee728b)
Start importing Assets/Run Animation.anim using Guid(6167d608434724e4fae729c924624b7f) Importer(815301076,1909f56bfc062723c751e8b465ee728b)  -> (artifact id: '95287e5c7b7c9f44e7286c88d4e99838') in 0.004825 seconds
  Import took 0.008697 seconds .

========================================================================
Received Import Request.
  Time since last request: 0.003177 seconds.
  path: Assets/Run Animation.anim
  artifactKey: Guid(6167d608434724e4fae729c924624b7f) Importer(815301076,1909f56bfc062723c751e8b465ee728b)
Start importing Assets/Run Animation.anim using Guid(6167d608434724e4fae729c924624b7f) Importer(815301076,1909f56bfc062723c751e8b465ee728b)  -> (artifact id: '95287e5c7b7c9f44e7286c88d4e99838') in 0.002004 seconds
  Import took 0.005127 seconds .

========================================================================
Received Import Request.
  Time since last request: 64.752641 seconds.
  path: Assets/1x_0.controller
  artifactKey: Guid(7d8a9b673f6384f5db49cc8ca4ebbdaf) Importer(815301076,1909f56bfc062723c751e8b465ee728b)
Start importing Assets/1x_0.controller using Guid(7d8a9b673f6384f5db49cc8ca4ebbdaf) Importer(815301076,1909f56bfc062723c751e8b465ee728b)  -> (artifact id: '4bc0fcb4d4078c7a9cd72534e834ef53') in 0.223785 seconds
  Import took 0.230199 seconds .

========================================================================
Received Prepare
Registering precompiled user dll's ...
Registered in 0.000846 seconds.
Begin MonoManager ReloadAssembly
Native extension for OSXStandalone target not found
Native extension for WebGL target not found
Refreshing native plugins compatible for Editor in 0.38 ms, found 2 plugins.
Preloading 0 native plugins for Editor in 0.00 ms.
Invoked RoslynAnalysisRunner static constructor.
RoslynAnalysisRunner will not be running.
RoslynAnalysisRunner has terminated.
Mono: successfully reloaded assembly
- Completed reload, in  1.976 seconds
Platform modules already initialized, skipping
Refreshing native plugins compatible for Editor in 0.38 ms, found 2 plugins.
Preloading 0 native plugins for Editor in 0.00 ms.
Unloading 1800 Unused Serialized files (Serialized files now loaded: 0)
System memory in use before: 152.9 MB.
System memory in use after: 153.0 MB.

Unloading 7 unused Assets to reduce memory usage. Loaded Objects now: 2262.
Total: 2.448792 ms (FindLiveObjects: 0.148000 ms CreateObjectMapping: 0.035125 ms MarkObjects: 2.247291 ms  DeleteObjects: 0.017667 ms)

========================================================================
Received Prepare
Registering precompiled user dll's ...
Registered in 0.001472 seconds.
Begin MonoManager ReloadAssembly
Native extension for OSXStandalone target not found
Native extension for WebGL target not found
Refreshing native plugins compatible for Editor in 0.41 ms, found 2 plugins.
Preloading 0 native plugins for Editor in 0.00 ms.
Invoked RoslynAnalysisRunner static constructor.
RoslynAnalysisRunner will not be running.
RoslynAnalysisRunner has terminated.
Mono: successfully reloaded assembly
- Completed reload, in  1.761 seconds
Platform modules already initialized, skipping
Refreshing native plugins compatible for Editor in 0.28 ms, found 2 plugins.
Preloading 0 native plugins for Editor in 0.00 ms.
Unloading 1800 Unused Serialized files (Serialized files now loaded: 0)
System memory in use before: 153.1 MB.
System memory in use after: 153.2 MB.

Unloading 7 unused Assets to reduce memory usage. Loaded Objects now: 2266.
Total: 1.256750 ms (FindLiveObjects: 0.106042 ms CreateObjectMapping: 0.034916 ms MarkObjects: 1.094167 ms  DeleteObjects: 0.020917 ms)

========================================================================
Received Prepare
Registering precompiled user dll's ...
Registered in 0.000601 seconds.
Begin MonoManager ReloadAssembly
Native extension for OSXStandalone target not found
Native extension for WebGL target not found
Refreshing native plugins compatible for Editor in 0.42 ms, found 2 plugins.
Preloading 0 native plugins for Editor in 0.00 ms.
Invoked RoslynAnalysisRunner static constructor.
RoslynAnalysisRunner will not be running.
RoslynAnalysisRunner has terminated.
Mono: successfully reloaded assembly
- Completed reload, in  1.801 seconds
Platform modules already initialized, skipping
Refreshing native plugins compatible for Editor in 0.27 ms, found 2 plugins.
Preloading 0 native plugins for Editor in 0.00 ms.
Unloading 1800 Unused Serialized files (Serialized files now loaded: 0)
System memory in use before: 153.4 MB.
System memory in use after: 153.5 MB.

Unloading 7 unused Assets to reduce memory usage. Loaded Objects now: 2270.
Total: 1.448042 ms (FindLiveObjects: 0.142959 ms CreateObjectMapping: 0.035334 ms MarkObjects: 1.252792 ms  DeleteObjects: 0.016209 ms)

========================================================================
Received Prepare
Registering precompiled user dll's ...
Registered in 0.000992 seconds.
Begin MonoManager ReloadAssembly
Native extension for OSXStandalone target not found
Native extension for WebGL target not found
Refreshing native plugins compatible for Editor in 0.40 ms, found 2 plugins.
Preloading 0 native plugins for Editor in 0.00 ms.
Invoked RoslynAnalysisRunner static constructor.
RoslynAnalysisRunner will not be running.
RoslynAnalysisRunner has terminated.
Mono: successfully reloaded assembly
- Completed reload, in  1.866 seconds
Platform modules already initialized, skipping
Refreshing native plugins compatible for Editor in 0.41 ms, found 2 plugins.
Preloading 0 native plugins for Editor in 0.00 ms.
Unloading 1800 Unused Serialized files (Serialized files now loaded: 0)
System memory in use before: 153.6 MB.
System memory in use after: 153.7 MB.

Unloading 7 unused Assets to reduce memory usage. Loaded Objects now: 2274.
Total: 1.452542 ms (FindLiveObjects: 0.146666 ms CreateObjectMapping: 0.035542 ms MarkObjects: 1.256584 ms  DeleteObjects: 0.012750 ms)

========================================================================
Received Prepare
Registering precompiled user dll's ...
Registered in 0.001336 seconds.
Begin MonoManager ReloadAssembly
Native extension for OSXStandalone target not found
Native extension for WebGL target not found
Refreshing native plugins compatible for Editor in 0.40 ms, found 2 plugins.
Preloading 0 native plugins for Editor in 0.00 ms.
Invoked RoslynAnalysisRunner static constructor.
RoslynAnalysisRunner will not be running.
RoslynAnalysisRunner has terminated.
Mono: successfully reloaded assembly
- Completed reload, in  1.860 seconds
Platform modules already initialized, skipping
Refreshing native plugins compatible for Editor in 0.50 ms, found 2 plugins.
Preloading 0 native plugins for Editor in 0.00 ms.
Unloading 1800 Unused Serialized files (Serialized files now loaded: 0)
System memory in use before: 153.8 MB.
System memory in use after: 153.9 MB.

Unloading 7 unused Assets to reduce memory usage. Loaded Objects now: 2278.
Total: 1.324333 ms (FindLiveObjects: 0.148416 ms CreateObjectMapping: 0.035709 ms MarkObjects: 1.120125 ms  DeleteObjects: 0.019000 ms)

========================================================================
Received Prepare
Registering precompiled user dll's ...
Registered in 0.000990 seconds.
Begin MonoManager ReloadAssembly
Native extension for OSXStandalone target not found
Native extension for WebGL target not found
Refreshing native plugins compatible for Editor in 0.39 ms, found 2 plugins.
Preloading 0 native plugins for Editor in 0.00 ms.
Invoked RoslynAnalysisRunner static constructor.
RoslynAnalysisRunner will not be running.
RoslynAnalysisRunner has terminated.
Mono: successfully reloaded assembly
- Completed reload, in  1.808 seconds
Platform modules already initialized, skipping
Refreshing native plugins compatible for Editor in 0.29 ms, found 2 plugins.
Preloading 0 native plugins for Editor in 0.00 ms.
Unloading 1800 Unused Serialized files (Serialized files now loaded: 0)
System memory in use before: 154.0 MB.
System memory in use after: 154.1 MB.

Unloading 7 unused Assets to reduce memory usage. Loaded Objects now: 2282.
Total: 1.312667 ms (FindLiveObjects: 0.114667 ms CreateObjectMapping: 0.036250 ms MarkObjects: 1.144083 ms  DeleteObjects: 0.016792 ms)

========================================================================
Received Prepare
Registering precompiled user dll's ...
Registered in 0.000633 seconds.
Begin MonoManager ReloadAssembly
Native extension for OSXStandalone target not found
Native extension for WebGL target not found
Refreshing native plugins compatible for Editor in 0.41 ms, found 2 plugins.
Preloading 0 native plugins for Editor in 0.00 ms.
Invoked RoslynAnalysisRunner static constructor.
RoslynAnalysisRunner will not be running.
RoslynAnalysisRunner has terminated.
Mono: successfully reloaded assembly
- Completed reload, in  1.856 seconds
Platform modules already initialized, skipping
Refreshing native plugins compatible for Editor in 0.36 ms, found 2 plugins.
Preloading 0 native plugins for Editor in 0.00 ms.
Unloading 1800 Unused Serialized files (Serialized files now loaded: 0)
System memory in use before: 154.2 MB.
System memory in use after: 154.3 MB.

Unloading 7 unused Assets to reduce memory usage. Loaded Objects now: 2286.
Total: 1.353458 ms (FindLiveObjects: 0.146458 ms CreateObjectMapping: 0.036750 ms MarkObjects: 1.148958 ms  DeleteObjects: 0.020333 ms)

========================================================================
Received Import Request.
  Time since last request: 1139.391328 seconds.
  path: Assets/Pixel Adventure 1
  artifactKey: Guid(028ca3bfc84c6489596d25eed3c24420) Importer(815301076,1909f56bfc062723c751e8b465ee728b)
Start importing Assets/Pixel Adventure 1 using Guid(028ca3bfc84c6489596d25eed3c24420) Importer(815301076,1909f56bfc062723c751e8b465ee728b)  -> (artifact id: '513d6f027e02f3f4319dd2a3d4694d23') in 0.004537 seconds
  Import took 0.006959 seconds .

========================================================================
Received Import Request.
  Time since last request: 0.000464 seconds.
  path: Assets/Pixel Adventure 1
  artifactKey: Guid(028ca3bfc84c6489596d25eed3c24420) Importer(815301076,1909f56bfc062723c751e8b465ee728b)
Start importing Assets/Pixel Adventure 1 using Guid(028ca3bfc84c6489596d25eed3c24420) Importer(815301076,1909f56bfc062723c751e8b465ee728b)  -> (artifact id: '513d6f027e02f3f4319dd2a3d4694d23') in 0.000530 seconds
  Import took 0.002370 seconds .

========================================================================
Received Prepare
Registering precompiled user dll's ...
Registered in 0.001094 seconds.
Begin MonoManager ReloadAssembly
Native extension for OSXStandalone target not found
Native extension for WebGL target not found
Refreshing native plugins compatible for Editor in 0.41 ms, found 2 plugins.
Preloading 0 native plugins for Editor in 0.00 ms.
Invoked RoslynAnalysisRunner static constructor.
RoslynAnalysisRunner will not be running.
RoslynAnalysisRunner has terminated.
Mono: successfully reloaded assembly
- Completed reload, in  1.781 seconds
Platform modules already initialized, skipping
Refreshing native plugins compatible for Editor in 0.41 ms, found 2 plugins.
Preloading 0 native plugins for Editor in 0.00 ms.
Unloading 1800 Unused Serialized files (Serialized files now loaded: 0)
System memory in use before: 154.4 MB.
System memory in use after: 154.5 MB.

Unloading 7 unused Assets to reduce memory usage. Loaded Objects now: 2290.
Total: 1.369208 ms (FindLiveObjects: 0.136917 ms CreateObjectMapping: 0.036000 ms MarkObjects: 1.175041 ms  DeleteObjects: 0.020417 ms)

========================================================================
Received Prepare
Registering precompiled user dll's ...
Registered in 0.001888 seconds.
Begin MonoManager ReloadAssembly
Native extension for OSXStandalone target not found
Native extension for WebGL target not found
Refreshing native plugins compatible for Editor in 0.39 ms, found 2 plugins.
Preloading 0 native plugins for Editor in 0.00 ms.
Invoked RoslynAnalysisRunner static constructor.
RoslynAnalysisRunner will not be running.
RoslynAnalysisRunner has terminated.
Mono: successfully reloaded assembly
- Completed reload, in  1.781 seconds
Platform modules already initialized, skipping
Refreshing native plugins compatible for Editor in 0.28 ms, found 2 plugins.
Preloading 0 native plugins for Editor in 0.00 ms.
Unloading 1800 Unused Serialized files (Serialized files now loaded: 0)
System memory in use before: 154.6 MB.
System memory in use after: 154.7 MB.

Unloading 7 unused Assets to reduce memory usage. Loaded Objects now: 2294.
Total: 1.368541 ms (FindLiveObjects: 0.137625 ms CreateObjectMapping: 0.036583 ms MarkObjects: 1.171250 ms  DeleteObjects: 0.022208 ms)

========================================================================
Received Prepare
Registering precompiled user dll's ...
Registered in 0.001065 seconds.
Begin MonoManager ReloadAssembly
Native extension for OSXStandalone target not found
Native extension for WebGL target not found
Refreshing native plugins compatible for Editor in 0.39 ms, found 2 plugins.
Preloading 0 native plugins for Editor in 0.00 ms.
Invoked RoslynAnalysisRunner static constructor.
RoslynAnalysisRunner will not be running.
RoslynAnalysisRunner has terminated.
Mono: successfully reloaded assembly
- Completed reload, in  1.796 seconds
Platform modules already initialized, skipping
Refreshing native plugins compatible for Editor in 0.29 ms, found 2 plugins.
Preloading 0 native plugins for Editor in 0.00 ms.
Unloading 1800 Unused Serialized files (Serialized files now loaded: 0)
System memory in use before: 154.8 MB.
System memory in use after: 154.9 MB.

Unloading 7 unused Assets to reduce memory usage. Loaded Objects now: 2298.
Total: 1.323833 ms (FindLiveObjects: 0.145125 ms CreateObjectMapping: 0.035292 ms MarkObjects: 1.117666 ms  DeleteObjects: 0.022250 ms)

========================================================================
Received Prepare
Registering precompiled user dll's ...
Registered in 0.001074 seconds.
Begin MonoManager ReloadAssembly
Native extension for OSXStandalone target not found
Native extension for WebGL target not found
Refreshing native plugins compatible for Editor in 0.38 ms, found 2 plugins.
Preloading 0 native plugins for Editor in 0.00 ms.
Invoked RoslynAnalysisRunner static constructor.
RoslynAnalysisRunner will not be running.
RoslynAnalysisRunner has terminated.
Mono: successfully reloaded assembly
- Completed reload, in  1.756 seconds
Platform modules already initialized, skipping
Refreshing native plugins compatible for Editor in 0.26 ms, found 2 plugins.
Preloading 0 native plugins for Editor in 0.00 ms.
Unloading 1800 Unused Serialized files (Serialized files now loaded: 0)
System memory in use before: 155.0 MB.
System memory in use after: 155.1 MB.

Unloading 7 unused Assets to reduce memory usage. Loaded Objects now: 2302.
Total: 1.366833 ms (FindLiveObjects: 0.135375 ms CreateObjectMapping: 0.035416 ms MarkObjects: 1.179375 ms  DeleteObjects: 0.015375 ms)

========================================================================
Received Prepare
Registering precompiled user dll's ...
Registered in 0.001924 seconds.
Begin MonoManager ReloadAssembly
Native extension for OSXStandalone target not found
Native extension for WebGL target not found
Refreshing native plugins compatible for Editor in 0.38 ms, found 2 plugins.
Preloading 0 native plugins for Editor in 0.00 ms.
Invoked RoslynAnalysisRunner static constructor.
RoslynAnalysisRunner will not be running.
RoslynAnalysisRunner has terminated.
Mono: successfully reloaded assembly
- Completed reload, in  1.893 seconds
Platform modules already initialized, skipping
Refreshing native plugins compatible for Editor in 0.46 ms, found 2 plugins.
Preloading 0 native plugins for Editor in 0.00 ms.
Unloading 1800 Unused Serialized files (Serialized files now loaded: 0)
System memory in use before: 155.2 MB.
System memory in use after: 155.3 MB.

Unloading 7 unused Assets to reduce memory usage. Loaded Objects now: 2306.
Total: 1.358459 ms (FindLiveObjects: 0.143417 ms CreateObjectMapping: 0.036291 ms MarkObjects: 1.156959 ms  DeleteObjects: 0.021084 ms)

========================================================================
Received Import Request.
  Time since last request: 445.736966 seconds.
  path: ProjectSettings/TagManager.asset
  artifactKey: Guid(00000000000000003000000000000000) Importer(815301076,1909f56bfc062723c751e8b465ee728b)
Start importing ProjectSettings/TagManager.asset using Guid(00000000000000003000000000000000) Importer(815301076,1909f56bfc062723c751e8b465ee728b)  -> (artifact id: '3125bf62d54dbcdd0ce3e4c540a7aa4e') in 0.174276 seconds
  Import took 0.177096 seconds .

========================================================================
Received Prepare
Registering precompiled user dll's ...
Registered in 0.001917 seconds.
Begin MonoManager ReloadAssembly
Native extension for OSXStandalone target not found
Native extension for WebGL target not found
Refreshing native plugins compatible for Editor in 0.39 ms, found 2 plugins.
Preloading 0 native plugins for Editor in 0.00 ms.
Invoked RoslynAnalysisRunner static constructor.
RoslynAnalysisRunner will not be running.
RoslynAnalysisRunner has terminated.
Mono: successfully reloaded assembly
- Completed reload, in  1.794 seconds
Platform modules already initialized, skipping
Refreshing native plugins compatible for Editor in 0.26 ms, found 2 plugins.
Preloading 0 native plugins for Editor in 0.00 ms.
Unloading 1800 Unused Serialized files (Serialized files now loaded: 0)
System memory in use before: 159.6 MB.
System memory in use after: 159.7 MB.

Unloading 8 unused Assets to reduce memory usage. Loaded Objects now: 2310.
Total: 1.322167 ms (FindLiveObjects: 0.136000 ms CreateObjectMapping: 0.035500 ms MarkObjects: 1.126625 ms  DeleteObjects: 0.023166 ms)

========================================================================
Received Prepare
Registering precompiled user dll's ...
Registered in 0.002301 seconds.
Begin MonoManager ReloadAssembly
Native extension for OSXStandalone target not found
Native extension for WebGL target not found
Refreshing native plugins compatible for Editor in 0.38 ms, found 2 plugins.
Preloading 0 native plugins for Editor in 0.00 ms.
Invoked RoslynAnalysisRunner static constructor.
RoslynAnalysisRunner will not be running.
RoslynAnalysisRunner has terminated.
Mono: successfully reloaded assembly
- Completed reload, in  1.757 seconds
Platform modules already initialized, skipping
Refreshing native plugins compatible for Editor in 0.26 ms, found 2 plugins.
Preloading 0 native plugins for Editor in 0.00 ms.
Unloading 1800 Unused Serialized files (Serialized files now loaded: 0)
System memory in use before: 159.8 MB.
System memory in use after: 159.9 MB.

Unloading 7 unused Assets to reduce memory usage. Loaded Objects now: 2314.
Total: 1.339875 ms (FindLiveObjects: 0.148833 ms CreateObjectMapping: 0.035292 ms MarkObjects: 1.140917 ms  DeleteObjects: 0.013458 ms)

========================================================================
Received Prepare
Registering precompiled user dll's ...
Registered in 0.001975 seconds.
Begin MonoManager ReloadAssembly
Native extension for OSXStandalone target not found
Native extension for WebGL target not found
Refreshing native plugins compatible for Editor in 0.39 ms, found 2 plugins.
Preloading 0 native plugins for Editor in 0.00 ms.
Invoked RoslynAnalysisRunner static constructor.
RoslynAnalysisRunner will not be running.
RoslynAnalysisRunner has terminated.
Mono: successfully reloaded assembly
- Completed reload, in  1.876 seconds
Platform modules already initialized, skipping
Refreshing native plugins compatible for Editor in 0.35 ms, found 2 plugins.
Preloading 0 native plugins for Editor in 0.00 ms.
Unloading 1800 Unused Serialized files (Serialized files now loaded: 0)
System memory in use before: 160.0 MB.
System memory in use after: 160.1 MB.

Unloading 7 unused Assets to reduce memory usage. Loaded Objects now: 2318.
Total: 1.474291 ms (FindLiveObjects: 0.225209 ms CreateObjectMapping: 0.038250 ms MarkObjects: 1.192250 ms  DeleteObjects: 0.017708 ms)

